<?xml version="1.0" encoding="UTF-8"?>
<!-- Generated by org.testng.reporters.JUnitReportReporter -->
<testsuite hostname="RINIPC052" failures="0" tests="1" name="com.inn.nrc.testcases.LoginTest" time="8.921" errors="0" timestamp="2022-12-08T17:58:08 IST" skipped="0">
  <testcase classname="com.inn.nrc.testcases.LoginTest" name="loginTest" time="8.921"/>
  <system-out/>
</testsuite> <!-- com.inn.nrc.testcases.LoginTest -->
