<?xml version="1.0" encoding="UTF-8"?>
<!-- Generated by org.testng.reporters.JUnitReportReporter -->
<testsuite hostname="RINIPC052" failures="0" tests="1" name="com.inn.nrc.testcases.JobPageTest" time="29.646" errors="0" timestamp="2022-12-08T19:05:22 IST" skipped="0">
  <testcase classname="com.inn.nrc.testcases.JobPageTest" name="searchJobNoTest" time="29.646"/>
  <system-out/>
</testsuite> <!-- com.inn.nrc.testcases.JobPageTest -->
