<?xml version="1.0" encoding="UTF-8"?>
<!-- Generated by org.testng.reporters.JUnitReportReporter -->
<testsuite hostname="RINIPC344" failures="0" tests="1" name="com.inn.nrc.testcases.JobPageTest" time="42.061" errors="0" timestamp="2022-12-09T11:07:45 IST" skipped="0">
  <testcase classname="com.inn.nrc.testcases.JobPageTest" name="searchJobNoTest" time="42.061"/>
  <system-out/>
</testsuite> <!-- com.inn.nrc.testcases.JobPageTest -->
